2020-03-07 06:03:171 INFO  List:11 - Created list
2020-03-07 06:03:830 INFO  List:17 - Enter add()
2020-03-07 06:03:831 INFO  List:30 - finished add()
2020-03-07 06:03:713 INFO  List:17 - Enter add()
2020-03-07 06:03:714 INFO  List:30 - finished add()
2020-03-07 06:03:667 INFO  List:11 - Created list
2020-03-07 06:03:36 INFO  List:17 - Enter add()
2020-03-07 06:03:36 INFO  List:30 - finished add()
2020-03-07 06:03:812 INFO  List:17 - Enter add()
2020-03-07 06:03:813 INFO  List:30 - finished add()
2020-03-07 06:03:380 INFO  List:17 - Enter add()
2020-03-07 06:03:381 INFO  List:30 - finished add()
2020-03-07 06:03:857 INFO  List:17 - Enter add()
2020-03-07 06:03:858 INFO  List:30 - finished add()
2020-03-07 06:03:02 INFO  List:17 - Enter add()
2020-03-07 06:03:02 INFO  List:30 - finished add()
2020-03-07 06:03:970 INFO  List:17 - Enter add()
2020-03-07 06:03:970 INFO  List:30 - finished add()
2020-03-07 06:03:48 INFO  List:17 - Enter add()
2020-03-07 06:03:49 INFO  List:30 - finished add()
2020-03-07 06:03:153 INFO  List:17 - Enter add()
2020-03-07 06:03:154 INFO  List:30 - finished add()
2020-03-07 06:03:135 INFO  List:17 - Enter add()
2020-03-07 06:03:135 INFO  List:30 - finished add()
2020-03-07 06:03:514 INFO  List:17 - Enter add()
2020-03-07 06:03:515 INFO  List:30 - finished add()
2020-03-07 06:03:156 INFO  List:17 - Enter add()
2020-03-07 06:03:156 INFO  List:30 - finished add()
2020-03-07 06:03:768 INFO  List:34 - Entered size()
2020-03-07 06:03:768 INFO  List:35 - finished size()
2020-03-07 06:03:747 INFO  List:51 - Entered display()
2020-03-07 06:03:750 INFO  List:56 - finished display()
2020-03-07 06:03:82 INFO  List:40 - Entered get()
2020-03-07 06:03:545 INFO  List:60 - Entered delete()
2020-03-07 06:03:545 INFO  List:67 - finished delete()
2020-03-07 06:03:256 INFO  List:34 - Entered size()
2020-03-07 06:03:257 INFO  List:35 - finished size()
